[debug] [2026-02-26T14:27:16.680Z] ----------------------------------------------------------------------
[debug] [2026-02-26T14:27:16.683Z] Command:       /Users/pedromoneo/.local/share/fnm/node-versions/v20.20.0/installation/bin/node /Users/pedromoneo/.local/state/fnm_multishells/40175_1772114711492/bin/firebase deploy --only hosting
[debug] [2026-02-26T14:27:16.683Z] CLI Version:   15.5.1
[debug] [2026-02-26T14:27:16.683Z] Platform:      darwin
[debug] [2026-02-26T14:27:16.683Z] Node Version:  v20.20.0
[debug] [2026-02-26T14:27:16.683Z] Time:          Thu Feb 26 2026 15:27:16 GMT+0100 (Central European Standard Time)
[debug] [2026-02-26T14:27:16.683Z] ----------------------------------------------------------------------
[debug] 
[debug] [2026-02-26T14:27:17.694Z] > command requires scopes: ["email","openid","https://www.googleapis.com/auth/cloudplatformprojects.readonly","https://www.googleapis.com/auth/firebase","https://www.googleapis.com/auth/cloud-platform"]
[debug] [2026-02-26T14:27:17.695Z] > authorizing via signed-in user (pedro.moneo@gmail.com)
[debug] [2026-02-26T14:27:17.695Z] [iam] checking project techreview-mgz-1771952 for permissions ["firebase.projects.get","firebasehosting.sites.update"]
[debug] [2026-02-26T14:27:17.695Z] Checked if tokens are valid: true, expires at: 1772119203209
[debug] [2026-02-26T14:27:17.695Z] Checked if tokens are valid: true, expires at: 1772119203209
[debug] [2026-02-26T14:27:17.696Z] >>> [apiv2][query] POST https://cloudresourcemanager.googleapis.com/v1/projects/techreview-mgz-1771952:testIamPermissions [none]
[debug] [2026-02-26T14:27:17.696Z] >>> [apiv2][(partial)header] POST https://cloudresourcemanager.googleapis.com/v1/projects/techreview-mgz-1771952:testIamPermissions  x-goog-user-project=techreview-mgz-1771952
[debug] [2026-02-26T14:27:17.696Z] >>> [apiv2][body] POST https://cloudresourcemanager.googleapis.com/v1/projects/techreview-mgz-1771952:testIamPermissions {"permissions":["firebase.projects.get","firebasehosting.sites.update"]}
[debug] [2026-02-26T14:27:17.929Z] <<< [apiv2][status] POST https://cloudresourcemanager.googleapis.com/v1/projects/techreview-mgz-1771952:testIamPermissions 200
[debug] [2026-02-26T14:27:17.929Z] <<< [apiv2][body] POST https://cloudresourcemanager.googleapis.com/v1/projects/techreview-mgz-1771952:testIamPermissions {"permissions":["firebase.projects.get","firebasehosting.sites.update"]}
[debug] [2026-02-26T14:27:17.929Z] Checked if tokens are valid: true, expires at: 1772119203209
[debug] [2026-02-26T14:27:17.929Z] Checked if tokens are valid: true, expires at: 1772119203209
[debug] [2026-02-26T14:27:17.930Z] >>> [apiv2][query] GET https://firebase.googleapis.com/v1beta1/projects/techreview-mgz-1771952 [none]
[debug] [2026-02-26T14:27:18.234Z] <<< [apiv2][status] GET https://firebase.googleapis.com/v1beta1/projects/techreview-mgz-1771952 200
[debug] [2026-02-26T14:27:18.234Z] <<< [apiv2][body] GET https://firebase.googleapis.com/v1beta1/projects/techreview-mgz-1771952 {"projectId":"techreview-mgz-1771952","projectNumber":"275051155887","displayName":"Tech Review Magazine","name":"projects/techreview-mgz-1771952","resources":{"hostingSite":"techreview-mgz-1771952"},"state":"ACTIVE","etag":"1_f6d8756c-7742-4eea-b6b6-70067a0d12c6"}
[debug] [2026-02-26T14:27:19.333Z] defaultcredentials: writing to file /Users/pedromoneo/.config/firebase/pedro_moneo_gmail.com_application_default_credentials.json
[debug] [2026-02-26T14:27:19.335Z] Checked if tokens are valid: true, expires at: 1772119203209
[debug] [2026-02-26T14:27:19.335Z] Checked if tokens are valid: true, expires at: 1772119203209
[debug] [2026-02-26T14:27:19.336Z] >>> [apiv2][query] GET https://firebasehosting.googleapis.com/v1beta1/projects/techreview-mgz-1771952/sites pageToken=&pageSize=10
[debug] [2026-02-26T14:27:20.310Z] <<< [apiv2][status] GET https://firebasehosting.googleapis.com/v1beta1/projects/techreview-mgz-1771952/sites 200
[debug] [2026-02-26T14:27:20.310Z] <<< [apiv2][body] GET https://firebasehosting.googleapis.com/v1beta1/projects/techreview-mgz-1771952/sites {"sites":[{"name":"projects/techreview-mgz-1771952/sites/techreview-mgz-1771952","defaultUrl":"https://techreview-mgz-1771952.web.app","type":"DEFAULT_SITE"}]}
[debug] [2026-02-26T14:27:20.311Z] Checked if tokens are valid: true, expires at: 1772119203209
[debug] [2026-02-26T14:27:20.311Z] Checked if tokens are valid: true, expires at: 1772119203209
[debug] [2026-02-26T14:27:20.311Z] >>> [apiv2][query] GET https://firebasehosting.googleapis.com/v1beta1/projects/techreview-mgz-1771952/sites 
[debug] [2026-02-26T14:27:21.195Z] <<< [apiv2][status] GET https://firebasehosting.googleapis.com/v1beta1/projects/techreview-mgz-1771952/sites 200
[debug] [2026-02-26T14:27:21.195Z] <<< [apiv2][body] GET https://firebasehosting.googleapis.com/v1beta1/projects/techreview-mgz-1771952/sites {"sites":[{"name":"projects/techreview-mgz-1771952/sites/techreview-mgz-1771952","defaultUrl":"https://techreview-mgz-1771952.web.app","type":"DEFAULT_SITE"}]}
[debug] [2026-02-26T14:27:21.196Z] Checked if tokens are valid: true, expires at: 1772119203209
[debug] [2026-02-26T14:27:21.196Z] Checked if tokens are valid: true, expires at: 1772119203209
[debug] [2026-02-26T14:27:21.196Z] >>> [apiv2][query] GET https://firebase.googleapis.com/v1beta1/projects/techreview-mgz-1771952/webApps/-/config [none]
[debug] [2026-02-26T14:27:21.912Z] <<< [apiv2][status] GET https://firebase.googleapis.com/v1beta1/projects/techreview-mgz-1771952/webApps/-/config 200
[debug] [2026-02-26T14:27:21.912Z] <<< [apiv2][body] GET https://firebase.googleapis.com/v1beta1/projects/techreview-mgz-1771952/webApps/-/config {"projectId":"techreview-mgz-1771952","appId":"1:275051155887:web:028533722e7d0f9b60df5a","storageBucket":"techreview-mgz-1771952.firebasestorage.app","apiKey":"AIzaSyCeerOm4520rzxGR7vs21L-qJNL0zO8qj4","authDomain":"techreview-mgz-1771952.firebaseapp.com","messagingSenderId":"275051155887","projectNumber":"275051155887","version":"2"}
[info] 
   Thank you for trying our early preview of Next.js support on Firebase Hosting.
   During the preview, support is best-effort and breaking changes can be expected. Proceed with caution.
   The integration is known to work with Next.js version 12 - 15.0. You may encounter errors.

   Documentation: https://firebase.google.com/docs/hosting/frameworks/nextjs
   File a bug: https://github.com/firebase/firebase-tools/issues/new?template=bug_report.md
   Submit a feature request: https://github.com/firebase/firebase-tools/issues/new?template=feature_request.md

   We'd love to learn from you. Express your interest in helping us shape the future of Firebase Hosting: https://goo.gle/41enW5X

[debug] [2026-02-26T14:27:23.936Z] Checked if tokens are valid: true, expires at: 1772119203209
[debug] [2026-02-26T14:27:23.936Z] Checked if tokens are valid: true, expires at: 1772119203209
[debug] [2026-02-26T14:27:23.936Z] >>> [apiv2][query] GET https://firebasehosting.googleapis.com/v1beta1/projects/techreview-mgz-1771952/sites/techreview-mgz-1771952 [none]
[debug] [2026-02-26T14:27:24.543Z] <<< [apiv2][status] GET https://firebasehosting.googleapis.com/v1beta1/projects/techreview-mgz-1771952/sites/techreview-mgz-1771952 200
[debug] [2026-02-26T14:27:24.543Z] <<< [apiv2][body] GET https://firebasehosting.googleapis.com/v1beta1/projects/techreview-mgz-1771952/sites/techreview-mgz-1771952 {"name":"projects/techreview-mgz-1771952/sites/techreview-mgz-1771952","defaultUrl":"https://techreview-mgz-1771952.web.app","type":"DEFAULT_SITE"}
[info]    ▲ Next.js 15.1.9

[info]    - Environments: .env.local, .env


[info]    Creating an optimized production build ...

[info]  ✓ Compiled successfully

[info]    Linting and checking validity of types ...

[info] 
./src/components/admin/PostEditor.tsx
74:8  Warning: React Hook useEffect has a missing dependency: 'categories'. Either include it or remove the dependency array. You can also replace multiple useState variables with useReducer if 'setFormData' needs the current value of 'categories'.  react-hooks/exhaustive-deps

info  - Need to disable some ESLint rules? Learn more here: https://nextjs.org/docs/app/api-reference/config/eslint#disabling-rules

[info]    Collecting page data ...

[info]    Generating static pages (0/14) ...

[info]    Generating static pages (3/14) 

[info]    Generating static pages (6/14) 

[info]    Generating static pages (10/14) 

[info]  ✓ Generating static pages (14/14)

[info]    Finalizing page optimization ...
   Collecting build traces ...

[info] 

[info] Route (app)                              Size     First Load JS
┌ ○ /                                    186 B           114 kB
├ ○ /_not-found                          980 B           106 kB
├ ƒ /[slug]                              477 B           111 kB
├ ○ /admin                               5.02 kB         257 kB
├ ○ /admin/estudios                      3.69 kB         260 kB
├ ƒ /admin/estudios/edit/[id]            148 B           261 kB
├ ○ /admin/estudios/new                  148 B           261 kB
├ ○ /admin/pages                         3.58 kB         254 kB
├ ƒ /admin/pages/edit/[id]               150 B           273 kB
├ ○ /admin/pages/new                     150 B           273 kB
├ ○ /admin/posts                         4.38 kB         260 kB
├ ƒ /admin/posts/edit/[id]               150 B           274 kB
├ ○ /admin/posts/new                     151 B           274 kB
├ ○ /admin/settings                      2.9 kB          250 kB
├ ○ /admin/users                         4.33 kB         251 kB
├ ƒ /articulos/[id]                      183 B           114 kB
├ ○ /temas                               172 B           109 kB
└ ƒ /temas/[topic]                       186 B           114 kB
+ First Load JS shared by all            105 kB
  ├ chunks/4bd1b696-b2c41ae85fbdf4dd.js  52.9 kB
  ├ chunks/517-09577c8ab6ecd89b.js       50.5 kB
  └ other shared chunks (total)          1.91 kB



[info] ○  (Static)   prerendered as static content
ƒ  (Dynamic)  server-rendered on demand


[info] Building a Cloud Function to run this application. This is needed due to:
[info]  • use of revalidate /
[info]  • use of revalidate /temas
[info]  • non-static component /admin/estudios/edit/[id]/page
[info]  • non-static component /admin/posts/edit/[id]/page
[info]  • non-static component /admin/pages/edit/[id]/page
[debug] [2026-02-26T14:28:03.381Z]  • non-static component /(main)/[slug]/page
[debug] [2026-02-26T14:28:03.381Z]  • non-static component /(main)/articulos/[id]/page
[debug] [2026-02-26T14:28:03.381Z]  • non-static component /(main)/temas/[topic]/page
[info]  • and 3 other reasons, use --debug to see more
[info] 
[debug] [2026-02-26T14:28:03.476Z] skipping / due to revalidate
[debug] [2026-02-26T14:28:03.476Z] skipping /temas due to revalidate
[debug] [2026-02-26T14:28:03.527Z] Checked if tokens are valid: true, expires at: 1772119203209
[debug] [2026-02-26T14:28:03.528Z] Checked if tokens are valid: true, expires at: 1772119203209
[debug] [2026-02-26T14:28:03.528Z] >>> [apiv2][query] GET https://firebasehosting.googleapis.com/v1beta1/projects/techreview-mgz-1771952/sites/techreview-mgz-1771952 [none]
